This is pdfTeX, Version 3.141592653-2.6-1.40.22 (TeX Live 2021) (preloaded format=pdflatex 2021.9.30)  21 NOV 2023 23:20
entering extended mode
 restricted \write18 enabled.
 file:line:error style messages enabled.
 %&-line parsing enabled.
**"/Users/pranavreddy/Desktop/ECE 174/Project1/Report.tex"
(/Users/pranavreddy/Desktop/ECE 174/Project1/Report.tex
LaTeX2e <2020-10-01> patch level 4
L3 programming layer <2021-02-18> (/usr/local/texlive/2021/texmf-dist/tex/latex/base/article.cls
Document Class: article 2020/04/10 v1.4m Standard LaTeX document class
(/usr/local/texlive/2021/texmf-dist/tex/latex/base/size10.clo
File: size10.clo 2020/04/10 v1.4m Standard LaTeX file (size option)
)
\c@part=\count179
\c@section=\count180
\c@subsection=\count181
\c@subsubsection=\count182
\c@paragraph=\count183
\c@subparagraph=\count184
\c@figure=\count185
\c@table=\count186
\abovecaptionskip=\skip47
\belowcaptionskip=\skip48
\bibindent=\dimen138
) (/Users/pranavreddy/Desktop/ECE 174/Project1/neurips_2023.sty
Package: neurips_2023 2023/03/31 NeurIPS 2023 submission/camera-ready style file
 (/usr/local/texlive/2021/texmf-dist/tex/latex/environ/environ.sty
Package: environ 2014/05/04 v0.3 A new way to define environments
 (/usr/local/texlive/2021/texmf-dist/tex/latex/trimspaces/trimspaces.sty
Package: trimspaces 2009/09/17 v1.1 Trim spaces around a token list
)
\@envbody=\toks15
) (/usr/local/texlive/2021/texmf-dist/tex/latex/natbib/natbib.sty
Package: natbib 2010/09/13 8.31b (PWD, AO)
\bibhang=\skip49
\bibsep=\skip50
LaTeX Info: Redefining \cite on input line 694.
\c@NAT@ctr=\count187
) (/usr/local/texlive/2021/texmf-dist/tex/latex/geometry/geometry.sty
Package: geometry 2020/01/02 v5.9 Page Geometry
 (/usr/local/texlive/2021/texmf-dist/tex/latex/graphics/keyval.sty
Package: keyval 2014/10/28 v1.15 key=value parser (DPC)
\KV@toks@=\toks16
) (/usr/local/texlive/2021/texmf-dist/tex/generic/iftex/ifvtex.sty
Package: ifvtex 2019/10/25 v1.7 ifvtex legacy package. Use iftex instead.
 (/usr/local/texlive/2021/texmf-dist/tex/generic/iftex/iftex.sty
Package: iftex 2020/03/06 v1.0d TeX engine tests
))
\Gm@cnth=\count188
\Gm@cntv=\count189
\c@Gm@tempcnt=\count190
\Gm@bindingoffset=\dimen139
\Gm@wd@mp=\dimen140
\Gm@odd@mp=\dimen141
\Gm@even@mp=\dimen142
\Gm@layoutwidth=\dimen143
\Gm@layoutheight=\dimen144
\Gm@layouthoffset=\dimen145
\Gm@layoutvoffset=\dimen146
\Gm@dimlist=\toks17
)
\@neuripsabovecaptionskip=\skip51
\@neuripsbelowcaptionskip=\skip52
) (/usr/local/texlive/2021/texmf-dist/tex/latex/base/inputenc.sty
Package: inputenc 2020/08/01 v1.3d Input encoding file
\inpenc@prehook=\toks18
\inpenc@posthook=\toks19
) (/usr/local/texlive/2021/texmf-dist/tex/latex/base/fontenc.sty
Package: fontenc 2020/08/10 v2.0s Standard LaTeX package
LaTeX Font Info:    Trying to load font information for T1+ptm on input line 112.
 (/usr/local/texlive/2021/texmf-dist/tex/latex/psnfss/t1ptm.fd
File: t1ptm.fd 2001/06/04 font definitions for T1/ptm.
)) (/usr/local/texlive/2021/texmf-dist/tex/latex/hyperref/hyperref.sty
Package: hyperref 2021-02-27 v7.00k Hypertext links for LaTeX
 (/usr/local/texlive/2021/texmf-dist/tex/generic/ltxcmds/ltxcmds.sty
Package: ltxcmds 2020-05-10 v1.25 LaTeX kernel commands for general use (HO)
) (/usr/local/texlive/2021/texmf-dist/tex/generic/pdftexcmds/pdftexcmds.sty
Package: pdftexcmds 2020-06-27 v0.33 Utility functions of pdfTeX for LuaTeX (HO)
 (/usr/local/texlive/2021/texmf-dist/tex/generic/infwarerr/infwarerr.sty
Package: infwarerr 2019/12/03 v1.5 Providing info/warning/error messages (HO)
)
Package pdftexcmds Info: \pdf@primitive is available.
Package pdftexcmds Info: \pdf@ifprimitive is available.
Package pdftexcmds Info: \pdfdraftmode found.
) (/usr/local/texlive/2021/texmf-dist/tex/generic/kvsetkeys/kvsetkeys.sty
Package: kvsetkeys 2019/12/15 v1.18 Key value parser (HO)
) (/usr/local/texlive/2021/texmf-dist/tex/generic/kvdefinekeys/kvdefinekeys.sty
Package: kvdefinekeys 2019-12-19 v1.6 Define keys (HO)
) (/usr/local/texlive/2021/texmf-dist/tex/generic/pdfescape/pdfescape.sty
Package: pdfescape 2019/12/09 v1.15 Implements pdfTeX's escape features (HO)
) (/usr/local/texlive/2021/texmf-dist/tex/latex/hycolor/hycolor.sty
Package: hycolor 2020-01-27 v1.10 Color options for hyperref/bookmark (HO)
) (/usr/local/texlive/2021/texmf-dist/tex/latex/letltxmacro/letltxmacro.sty
Package: letltxmacro 2019/12/03 v1.6 Let assignment for LaTeX macros (HO)
) (/usr/local/texlive/2021/texmf-dist/tex/latex/auxhook/auxhook.sty
Package: auxhook 2019-12-17 v1.6 Hooks for auxiliary files (HO)
) (/usr/local/texlive/2021/texmf-dist/tex/latex/kvoptions/kvoptions.sty
Package: kvoptions 2020-10-07 v3.14 Key value format for package options (HO)
)
\@linkdim=\dimen147
\Hy@linkcounter=\count191
\Hy@pagecounter=\count192
 (/usr/local/texlive/2021/texmf-dist/tex/latex/hyperref/pd1enc.def
File: pd1enc.def 2021-02-27 v7.00k Hyperref: PDFDocEncoding definition (HO)
Now handling font encoding PD1 ...
... no UTF-8 mapping file for font encoding PD1
) (/usr/local/texlive/2021/texmf-dist/tex/latex/hyperref/hyperref-langpatches.def
File: hyperref-langpatches.def 2021-02-27 v7.00k Hyperref: patches for babel languages
) (/usr/local/texlive/2021/texmf-dist/tex/generic/intcalc/intcalc.sty
Package: intcalc 2019/12/15 v1.3 Expandable calculations with integers (HO)
) (/usr/local/texlive/2021/texmf-dist/tex/generic/etexcmds/etexcmds.sty
Package: etexcmds 2019/12/15 v1.7 Avoid name clashes with e-TeX commands (HO)
)
\Hy@SavedSpaceFactor=\count193
 (/usr/local/texlive/2021/texmf-dist/tex/latex/hyperref/puenc.def
File: puenc.def 2021-02-27 v7.00k Hyperref: PDF Unicode definition (HO)
Now handling font encoding PU ...
... no UTF-8 mapping file for font encoding PU
)
Package hyperref Info: Hyper figures OFF on input line 4192.
Package hyperref Info: Link nesting OFF on input line 4197.
Package hyperref Info: Hyper index ON on input line 4200.
Package hyperref Info: Plain pages OFF on input line 4207.
Package hyperref Info: Backreferencing OFF on input line 4212.
Package hyperref Info: Implicit mode ON; LaTeX internals redefined.
Package hyperref Info: Bookmarks ON on input line 4445.
\c@Hy@tempcnt=\count194
 (/usr/local/texlive/2021/texmf-dist/tex/latex/url/url.sty
\Urlmuskip=\muskip16
Package: url 2013/09/16  ver 3.4  Verb mode for urls, etc.
)
LaTeX Info: Redefining \url on input line 4804.
\XeTeXLinkMargin=\dimen148
 (/usr/local/texlive/2021/texmf-dist/tex/generic/bitset/bitset.sty
Package: bitset 2019/12/09 v1.3 Handle bit-vector datatype (HO)
 (/usr/local/texlive/2021/texmf-dist/tex/generic/bigintcalc/bigintcalc.sty
Package: bigintcalc 2019/12/15 v1.5 Expandable calculations on big integers (HO)
))
\Fld@menulength=\count195
\Field@Width=\dimen149
\Fld@charsize=\dimen150
Package hyperref Info: Hyper figures OFF on input line 6075.
Package hyperref Info: Link nesting OFF on input line 6080.
Package hyperref Info: Hyper index ON on input line 6083.
Package hyperref Info: backreferencing OFF on input line 6090.
Package hyperref Info: Link coloring OFF on input line 6095.
Package hyperref Info: Link coloring with OCG OFF on input line 6100.
Package hyperref Info: PDF/A mode OFF on input line 6105.
LaTeX Info: Redefining \ref on input line 6145.
LaTeX Info: Redefining \pageref on input line 6149.
 (/usr/local/texlive/2021/texmf-dist/tex/latex/base/atbegshi-ltx.sty
Package: atbegshi-ltx 2020/08/17 v1.0a Emulation of the original atbegshi package
with kernel methods
)
\Hy@abspage=\count196
\c@Item=\count197
\c@Hfootnote=\count198
)
Package hyperref Info: Driver (autodetected): hpdftex.
 (/usr/local/texlive/2021/texmf-dist/tex/latex/hyperref/hpdftex.def
File: hpdftex.def 2021-02-27 v7.00k Hyperref driver for pdfTeX
 (/usr/local/texlive/2021/texmf-dist/tex/latex/base/atveryend-ltx.sty
Package: atveryend-ltx 2020/08/19 v1.0a Emulation of the original atvery package
with kernel methods
)
\Fld@listcount=\count199
\c@bookmark@seq@number=\count266
 (/usr/local/texlive/2021/texmf-dist/tex/latex/rerunfilecheck/rerunfilecheck.sty
Package: rerunfilecheck 2019/12/05 v1.9 Rerun checks for auxiliary files (HO)
 (/usr/local/texlive/2021/texmf-dist/tex/generic/uniquecounter/uniquecounter.sty
Package: uniquecounter 2019/12/15 v1.4 Provide unlimited unique counter (HO)
)
Package uniquecounter Info: New unique counter `rerunfilecheck' on input line 286.
)
\Hy@SectionHShift=\skip53
) (/usr/local/texlive/2021/texmf-dist/tex/latex/booktabs/booktabs.sty
Package: booktabs 2020/01/12 v1.61803398 Publication quality tables
\heavyrulewidth=\dimen151
\lightrulewidth=\dimen152
\cmidrulewidth=\dimen153
\belowrulesep=\dimen154
\belowbottomsep=\dimen155
\aboverulesep=\dimen156
\abovetopsep=\dimen157
\cmidrulesep=\dimen158
\cmidrulekern=\dimen159
\defaultaddspace=\dimen160
\@cmidla=\count267
\@cmidlb=\count268
\@aboverulesep=\dimen161
\@belowrulesep=\dimen162
\@thisruleclass=\count269
\@lastruleclass=\count270
\@thisrulewidth=\dimen163
) (/usr/local/texlive/2021/texmf-dist/tex/latex/amsfonts/amsfonts.sty
Package: amsfonts 2013/01/14 v3.01 Basic AMSFonts support
\@emptytoks=\toks20
\symAMSa=\mathgroup4
\symAMSb=\mathgroup5
LaTeX Font Info:    Redeclaring math symbol \hbar on input line 98.
LaTeX Font Info:    Overwriting math alphabet `\mathfrak' in version `bold'
(Font)                  U/euf/m/n --> U/euf/b/n on input line 106.
) (/usr/local/texlive/2021/texmf-dist/tex/latex/units/nicefrac.sty
Package: nicefrac 1998/08/04 v0.9b Nice fractions
\L@UnitsRaiseDisplaystyle=\skip54
\L@UnitsRaiseTextstyle=\skip55
\L@UnitsRaiseScriptstyle=\skip56
 (/usr/local/texlive/2021/texmf-dist/tex/latex/base/ifthen.sty
Package: ifthen 2014/09/29 v1.1c Standard LaTeX ifthen package (DPC)
)) (/usr/local/texlive/2021/texmf-dist/tex/latex/microtype/microtype.sty
Package: microtype 2021/03/14 v2.8c Micro-typographical refinements (RS)
\MT@toks=\toks21
\MT@count=\count271
LaTeX Info: Redefining \textls on input line 790.
\MT@outer@kern=\dimen164
LaTeX Info: Redefining \textmicrotypecontext on input line 1374.
\MT@listname@count=\count272
 (/usr/local/texlive/2021/texmf-dist/tex/latex/microtype/microtype-pdftex.def
File: microtype-pdftex.def 2021/03/14 v2.8c Definitions specific to pdftex (RS)
LaTeX Info: Redefining \lsstyle on input line 915.
LaTeX Info: Redefining \lslig on input line 915.
\MT@outer@space=\skip57
)
Package microtype Info: Loading configuration file microtype.cfg.
 (/usr/local/texlive/2021/texmf-dist/tex/latex/microtype/microtype.cfg
File: microtype.cfg 2021/03/14 v2.8c microtype main configuration file (RS)
)) (/usr/local/texlive/2021/texmf-dist/tex/latex/xcolor/xcolor.sty
Package: xcolor 2016/05/11 v2.12 LaTeX color extensions (UK)
 (/usr/local/texlive/2021/texmf-dist/tex/latex/graphics-cfg/color.cfg
File: color.cfg 2016/01/02 v1.6 sample color configuration
)
Package xcolor Info: Driver file: pdftex.def on input line 225.
 (/usr/local/texlive/2021/texmf-dist/tex/latex/graphics-def/pdftex.def
File: pdftex.def 2020/10/05 v1.2a Graphics/color driver for pdftex
)
Package xcolor Info: Model `cmy' substituted by `cmy0' on input line 1348.
Package xcolor Info: Model `hsb' substituted by `rgb' on input line 1352.
Package xcolor Info: Model `RGB' extended on input line 1364.
Package xcolor Info: Model `HTML' substituted by `rgb' on input line 1366.
Package xcolor Info: Model `Hsb' substituted by `hsb' on input line 1367.
Package xcolor Info: Model `tHsb' substituted by `hsb' on input line 1368.
Package xcolor Info: Model `HSB' substituted by `hsb' on input line 1369.
Package xcolor Info: Model `Gray' substituted by `gray' on input line 1370.
Package xcolor Info: Model `wave' substituted by `hsb' on input line 1371.
) (/usr/local/texlive/2021/texmf-dist/tex/latex/amsmath/amsmath.sty
Package: amsmath 2020/09/23 v2.17i AMS math features
\@mathmargin=\skip58

For additional information on amsmath, use the `?' option.
(/usr/local/texlive/2021/texmf-dist/tex/latex/amsmath/amstext.sty
Package: amstext 2000/06/29 v2.01 AMS text
 (/usr/local/texlive/2021/texmf-dist/tex/latex/amsmath/amsgen.sty
File: amsgen.sty 1999/11/30 v2.0 generic functions
\@emptytoks=\toks22
\ex@=\dimen165
)) (/usr/local/texlive/2021/texmf-dist/tex/latex/amsmath/amsbsy.sty
Package: amsbsy 1999/11/29 v1.2d Bold Symbols
\pmbraise@=\dimen166
) (/usr/local/texlive/2021/texmf-dist/tex/latex/amsmath/amsopn.sty
Package: amsopn 2016/03/08 v2.02 operator names
)
\inf@bad=\count273
LaTeX Info: Redefining \frac on input line 234.
\uproot@=\count274
\leftroot@=\count275
LaTeX Info: Redefining \overline on input line 399.
\classnum@=\count276
\DOTSCASE@=\count277
LaTeX Info: Redefining \ldots on input line 496.
LaTeX Info: Redefining \dots on input line 499.
LaTeX Info: Redefining \cdots on input line 620.
\Mathstrutbox@=\box47
\strutbox@=\box48
\big@size=\dimen167
LaTeX Font Info:    Redeclaring font encoding OML on input line 743.
LaTeX Font Info:    Redeclaring font encoding OMS on input line 744.
\macc@depth=\count278
\c@MaxMatrixCols=\count279
\dotsspace@=\muskip17
\c@parentequation=\count280
\dspbrk@lvl=\count281
\tag@help=\toks23
\row@=\count282
\column@=\count283
\maxfields@=\count284
\andhelp@=\toks24
\eqnshift@=\dimen168
\alignsep@=\dimen169
\tagshift@=\dimen170
\tagwidth@=\dimen171
\totwidth@=\dimen172
\lineht@=\dimen173
\@envbody=\toks25
\multlinegap=\skip59
\multlinetaggap=\skip60
\mathdisplay@stack=\toks26
LaTeX Info: Redefining \[ on input line 2923.
LaTeX Info: Redefining \] on input line 2924.
) (/usr/local/texlive/2021/texmf-dist/tex/latex/listings/listings.sty
\lst@mode=\count285
\lst@gtempboxa=\box49
\lst@token=\toks27
\lst@length=\count286
\lst@currlwidth=\dimen174
\lst@column=\count287
\lst@pos=\count288
\lst@lostspace=\dimen175
\lst@width=\dimen176
\lst@newlines=\count289
\lst@lineno=\count290
\lst@maxwidth=\dimen177
 (/usr/local/texlive/2021/texmf-dist/tex/latex/listings/lstmisc.sty
File: lstmisc.sty 2020/03/24 1.8d (Carsten Heinz)
\c@lstnumber=\count291
\lst@skipnumbers=\count292
\lst@framebox=\box50
) (/usr/local/texlive/2021/texmf-dist/tex/latex/listings/listings.cfg
File: listings.cfg 2020/03/24 1.8d listings configuration
))
Package: listings 2020/03/24 1.8d (Carsten Heinz)
 (/usr/local/texlive/2021/texmf-dist/tex/latex/graphics/graphicx.sty
Package: graphicx 2020/09/09 v1.2b Enhanced LaTeX Graphics (DPC,SPQR)
 (/usr/local/texlive/2021/texmf-dist/tex/latex/graphics/graphics.sty
Package: graphics 2020/08/30 v1.4c Standard LaTeX Graphics (DPC,SPQR)
 (/usr/local/texlive/2021/texmf-dist/tex/latex/graphics/trig.sty
Package: trig 2016/01/03 v1.10 sin cos tan (DPC)
) (/usr/local/texlive/2021/texmf-dist/tex/latex/graphics-cfg/graphics.cfg
File: graphics.cfg 2016/06/04 v1.11 sample graphics configuration
)
Package graphics Info: Driver file: pdftex.def on input line 105.
)
\Gin@req@height=\dimen178
\Gin@req@width=\dimen179
) (/usr/local/texlive/2021/texmf-dist/tex/latex/placeins/placeins.sty
Package: placeins 2005/04/18  v 2.2
) (/usr/local/texlive/2021/texmf-dist/tex/latex/listings/lstlang1.sty
File: lstlang1.sty 2020/03/24 1.8d listings language file
) (/usr/local/texlive/2021/texmf-dist/tex/latex/l3backend/l3backend-pdftex.def
File: l3backend-pdftex.def 2021-03-18 L3 backend support: PDF output (pdfTeX)
\l__color_backend_stack_int=\count293
\l__pdf_internal_box=\box51
) (/Users/pranavreddy/Desktop/ECE 174/Project1/Report.aux)
\openout1 = `Report.aux'.

LaTeX Font Info:    Checking defaults for OML/cmm/m/it on input line 114.
LaTeX Font Info:    ... okay on input line 114.
LaTeX Font Info:    Checking defaults for OMS/cmsy/m/n on input line 114.
LaTeX Font Info:    ... okay on input line 114.
LaTeX Font Info:    Checking defaults for OT1/cmr/m/n on input line 114.
LaTeX Font Info:    ... okay on input line 114.
LaTeX Font Info:    Checking defaults for T1/cmr/m/n on input line 114.
LaTeX Font Info:    ... okay on input line 114.
LaTeX Font Info:    Checking defaults for TS1/cmr/m/n on input line 114.
LaTeX Font Info:    ... okay on input line 114.
LaTeX Font Info:    Checking defaults for OMX/cmex/m/n on input line 114.
LaTeX Font Info:    ... okay on input line 114.
LaTeX Font Info:    Checking defaults for U/cmr/m/n on input line 114.
LaTeX Font Info:    ... okay on input line 114.
LaTeX Font Info:    Checking defaults for PD1/pdf/m/n on input line 114.
LaTeX Font Info:    ... okay on input line 114.
LaTeX Font Info:    Checking defaults for PU/pdf/m/n on input line 114.
LaTeX Font Info:    ... okay on input line 114.

*geometry* driver: auto-detecting
*geometry* detected driver: pdftex
*geometry* verbose mode - [ preamble ] result:
* driver: pdftex
* paper: letterpaper
* layout: <same size as paper>
* layoutoffset:(h,v)=(0.0pt,0.0pt)
* modes: 
* h-part:(L,W,R)=(92.14519pt, 430.00462pt, 92.14519pt)
* v-part:(T,H,B)=(95.39737pt, 556.47656pt, 143.09605pt)
* \paperwidth=614.295pt
* \paperheight=794.96999pt
* \textwidth=430.00462pt
* \textheight=556.47656pt
* \oddsidemargin=19.8752pt
* \evensidemargin=19.8752pt
* \topmargin=-13.87262pt
* \headheight=12.0pt
* \headsep=25.0pt
* \topskip=10.0pt
* \footskip=30.0pt
* \marginparwidth=65.0pt
* \marginparsep=11.0pt
* \columnsep=10.0pt
* \skip\footins=9.0pt plus 4.0pt minus 2.0pt
* \hoffset=0.0pt
* \voffset=0.0pt
* \mag=1000
* \@twocolumnfalse
* \@twosidefalse
* \@mparswitchfalse
* \@reversemarginfalse
* (1in=72.27pt=25.4mm, 1cm=28.453pt)

*geometry* verbose mode - [ newgeometry ] result:
* driver: pdftex
* paper: letterpaper
* layout: <same size as paper>
* layoutoffset:(h,v)=(0.0pt,0.0pt)
* modes: 
* h-part:(L,W,R)=(108.405pt, 397.48499pt, 108.40501pt)
* v-part:(T,H,B)=(72.26999pt, 650.43pt, 72.27pt)
* \paperwidth=614.295pt
* \paperheight=794.96999pt
* \textwidth=397.48499pt
* \textheight=650.43pt
* \oddsidemargin=36.13501pt
* \evensidemargin=36.13501pt
* \topmargin=-37.0pt
* \headheight=12.0pt
* \headsep=25.0pt
* \topskip=10.0pt
* \footskip=30.0pt
* \marginparwidth=65.0pt
* \marginparsep=11.0pt
* \columnsep=10.0pt
* \skip\footins=9.0pt plus 4.0pt minus 2.0pt
* \hoffset=0.0pt
* \voffset=0.0pt
* \mag=1000
* \@twocolumnfalse
* \@twosidefalse
* \@mparswitchfalse
* \@reversemarginfalse
* (1in=72.27pt=25.4mm, 1cm=28.453pt)

Package hyperref Info: Link coloring OFF on input line 114.
(/usr/local/texlive/2021/texmf-dist/tex/latex/hyperref/nameref.sty
Package: nameref 2021-04-02 v2.47 Cross-referencing by name of section
 (/usr/local/texlive/2021/texmf-dist/tex/latex/refcount/refcount.sty
Package: refcount 2019/12/15 v3.6 Data extraction from label references (HO)
) (/usr/local/texlive/2021/texmf-dist/tex/generic/gettitlestring/gettitlestring.sty
Package: gettitlestring 2019/12/15 v1.6 Cleanup title references (HO)
)
\c@section@level=\count294
)
LaTeX Info: Redefining \ref on input line 114.
LaTeX Info: Redefining \pageref on input line 114.
LaTeX Info: Redefining \nameref on input line 114.
 (/Users/pranavreddy/Desktop/ECE 174/Project1/Report.out) (/Users/pranavreddy/Desktop/ECE 174/Project1/Report.out)
\@outlinefile=\write3
\openout3 = `Report.out'.

LaTeX Info: Redefining \microtypecontext on input line 114.
Package microtype Info: Generating PDF output.
Package microtype Info: Character protrusion enabled (level 2).
Package microtype Info: Using default protrusion set `alltext'.
Package microtype Info: Automatic font expansion enabled (level 2),
(microtype)             stretch: 20, shrink: 20, step: 1, non-selected.
Package microtype Info: Using default expansion set `alltext-nott'.
LaTeX Info: Redefining \showhyphens on input line 114.
Package microtype Info: No adjustment of tracking.
Package microtype Info: No adjustment of interword spacing.
Package microtype Info: No adjustment of character kerning.
 (/usr/local/texlive/2021/texmf-dist/tex/latex/microtype/mt-ptm.cfg
File: mt-ptm.cfg 2006/04/20 v1.7 microtype config. file: Times (RS)
) (/usr/local/texlive/2021/texmf-dist/tex/context/base/mkii/supp-pdf.mkii
[Loading MPS to PDF converter (version 2006.09.02).]
\scratchcounter=\count295
\scratchdimen=\dimen180
\scratchbox=\box52
\nofMPsegments=\count296
\nofMParguments=\count297
\everyMPshowfont=\toks28
\MPscratchCnt=\count298
\MPscratchDim=\dimen181
\MPnumerator=\count299
\makeMPintoPDFobject=\count300
\everyMPtoPDFconversion=\toks29
) (/usr/local/texlive/2021/texmf-dist/tex/latex/epstopdf-pkg/epstopdf-base.sty
Package: epstopdf-base 2020-01-24 v2.11 Base part for package epstopdf
Package epstopdf-base Info: Redefining graphics rule for `.eps' on input line 485.
 (/usr/local/texlive/2021/texmf-dist/tex/latex/latexconfig/epstopdf-sys.cfg
File: epstopdf-sys.cfg 2010/07/13 v1.3 Configuration of (r)epstopdf for TeX Live
))
\c@lstlisting=\count301
 (/usr/local/texlive/2021/texmf-dist/tex/latex/microtype/mt-cmr.cfg
File: mt-cmr.cfg 2013/05/19 v2.2 microtype config. file: Computer Modern Roman (RS)
)
LaTeX Font Info:    Trying to load font information for U+msa on input line 118.
 (/usr/local/texlive/2021/texmf-dist/tex/latex/amsfonts/umsa.fd
File: umsa.fd 2013/01/14 v3.01 AMS symbols A
) (/usr/local/texlive/2021/texmf-dist/tex/latex/microtype/mt-msa.cfg
File: mt-msa.cfg 2006/02/04 v1.1 microtype config. file: AMS symbols (a) (RS)
)
LaTeX Font Info:    Trying to load font information for U+msb on input line 118.
 (/usr/local/texlive/2021/texmf-dist/tex/latex/amsfonts/umsb.fd
File: umsb.fd 2013/01/14 v3.01 AMS symbols B
) (/usr/local/texlive/2021/texmf-dist/tex/latex/microtype/mt-msb.cfg
File: mt-msb.cfg 2005/06/01 v1.0 microtype config. file: AMS symbols (b) (RS)
)
LaTeX Font Info:    Trying to load font information for T1+cmtt on input line 118.
 (/usr/local/texlive/2021/texmf-dist/tex/latex/base/t1cmtt.fd
File: t1cmtt.fd 2019/12/16 v2.5j Standard LaTeX font definitions
)
Package microtype Info: Loading generic protrusion settings for font family
(microtype)             `cmtt' (encoding: T1).
(microtype)             For optimal results, create family-specific settings.
(microtype)             See the microtype manual for details.
 [1


{/usr/local/texlive/2021/texmf-var/fonts/map/pdftex/updmap/pdftex.map}]
LaTeX Font Info:    Trying to load font information for TS1+ptm on input line 207.
 (/usr/local/texlive/2021/texmf-dist/tex/latex/psnfss/ts1ptm.fd
File: ts1ptm.fd 2001/06/04 font definitions for TS1/ptm.
)
Package epstopdf Info: Source file: <images/one_vs_all_train_confusion_matrix.eps>
(epstopdf)                    date: 2023-11-21 18:00:28
(epstopdf)                    size: 906054 bytes
(epstopdf)             Output file: <images/one_vs_all_train_confusion_matrix-eps-converted-to.pdf>
(epstopdf)                    date: 2023-11-21 18:02:58
(epstopdf)                    size: 18697 bytes
(epstopdf)             Command: <repstopdf --outfile=images/one_vs_all_train_confusion_matrix-eps-converted-to.pdf images/one_vs_all_train_confusion_matrix.eps>
(epstopdf)             \includegraphics on input line 223.
Package epstopdf Info: Output file is already uptodate.
<images/one_vs_all_train_confusion_matrix-eps-converted-to.pdf, id=105, 462.72874pt x 347.2975pt>
File: images/one_vs_all_train_confusion_matrix-eps-converted-to.pdf Graphic file (type pdf)
<use images/one_vs_all_train_confusion_matrix-eps-converted-to.pdf>
Package pdftex.def Info: images/one_vs_all_train_confusion_matrix-eps-converted-to.pdf  used on input line 223.
(pdftex.def)             Requested size: 198.7425pt x 149.16542pt.
Package epstopdf Info: Source file: <images/one_vs_all_test_confusion_matrix.eps>
(epstopdf)                    date: 2023-11-21 18:00:29
(epstopdf)                    size: 903689 bytes
(epstopdf)             Output file: <images/one_vs_all_test_confusion_matrix-eps-converted-to.pdf>
(epstopdf)                    date: 2023-11-21 18:02:59
(epstopdf)                    size: 18609 bytes
(epstopdf)             Command: <repstopdf --outfile=images/one_vs_all_test_confusion_matrix-eps-converted-to.pdf images/one_vs_all_test_confusion_matrix.eps>
(epstopdf)             \includegraphics on input line 228.
Package epstopdf Info: Output file is already uptodate.
<images/one_vs_all_test_confusion_matrix-eps-converted-to.pdf, id=106, 462.72874pt x 347.2975pt>
File: images/one_vs_all_test_confusion_matrix-eps-converted-to.pdf Graphic file (type pdf)
<use images/one_vs_all_test_confusion_matrix-eps-converted-to.pdf>
Package pdftex.def Info: images/one_vs_all_test_confusion_matrix-eps-converted-to.pdf  used on input line 228.
(pdftex.def)             Requested size: 198.7425pt x 149.16542pt.
 [2 </Users/pranavreddy/Desktop/ECE 174/Project1/images/one_vs_all_train_confusion_matrix-eps-converted-to.pdf> </Users/pranavreddy/Desktop/ECE 174/Project1/images/one_vs_all_test_confusion_matrix-eps-converted-to.pdf>]
Package epstopdf Info: Source file: <images/one_vs_one_train_confusion_matrix.eps>
(epstopdf)                    date: 2023-11-21 18:01:09
(epstopdf)                    size: 906024 bytes
(epstopdf)             Output file: <images/one_vs_one_train_confusion_matrix-eps-converted-to.pdf>
(epstopdf)                    date: 2023-11-21 18:03:00
(epstopdf)                    size: 18697 bytes
(epstopdf)             Command: <repstopdf --outfile=images/one_vs_one_train_confusion_matrix-eps-converted-to.pdf images/one_vs_one_train_confusion_matrix.eps>
(epstopdf)             \includegraphics on input line 267.
Package epstopdf Info: Output file is already uptodate.
<images/one_vs_one_train_confusion_matrix-eps-converted-to.pdf, id=195, 462.72874pt x 347.2975pt>
File: images/one_vs_one_train_confusion_matrix-eps-converted-to.pdf Graphic file (type pdf)
<use images/one_vs_one_train_confusion_matrix-eps-converted-to.pdf>
Package pdftex.def Info: images/one_vs_one_train_confusion_matrix-eps-converted-to.pdf  used on input line 267.
(pdftex.def)             Requested size: 198.7425pt x 149.16542pt.
Package epstopdf Info: Source file: <images/one_vs_one_test_confusion_matrix.eps>
(epstopdf)                    date: 2023-11-21 18:01:10
(epstopdf)                    size: 903662 bytes
(epstopdf)             Output file: <images/one_vs_one_test_confusion_matrix-eps-converted-to.pdf>
(epstopdf)                    date: 2023-11-21 18:03:00
(epstopdf)                    size: 18609 bytes
(epstopdf)             Command: <repstopdf --outfile=images/one_vs_one_test_confusion_matrix-eps-converted-to.pdf images/one_vs_one_test_confusion_matrix.eps>
(epstopdf)             \includegraphics on input line 273.
Package epstopdf Info: Output file is already uptodate.
<images/one_vs_one_test_confusion_matrix-eps-converted-to.pdf, id=196, 462.72874pt x 347.2975pt>
File: images/one_vs_one_test_confusion_matrix-eps-converted-to.pdf Graphic file (type pdf)
<use images/one_vs_one_test_confusion_matrix-eps-converted-to.pdf>
Package pdftex.def Info: images/one_vs_one_test_confusion_matrix-eps-converted-to.pdf  used on input line 273.
(pdftex.def)             Requested size: 198.7425pt x 149.16542pt.
 [3 </Users/pranavreddy/Desktop/ECE 174/Project1/images/one_vs_one_train_confusion_matrix-eps-converted-to.pdf> </Users/pranavreddy/Desktop/ECE 174/Project1/images/one_vs_one_test_confusion_matrix-eps-converted-to.pdf>]
Package epstopdf Info: Source file: <images/one_vs_all_training_confusion_matrix_Identity.eps>
(epstopdf)                    date: 2023-11-21 18:05:25
(epstopdf)                    size: 906066 bytes
(epstopdf)             Output file: <images/one_vs_all_training_confusion_matrix_Identity-eps-converted-to.pdf>
(epstopdf)                    date: 2023-11-21 18:05:30
(epstopdf)                    size: 18721 bytes
(epstopdf)             Command: <repstopdf --outfile=images/one_vs_all_training_confusion_matrix_Identity-eps-converted-to.pdf images/one_vs_all_training_confusion_matrix_Identity.eps>
(epstopdf)             \includegraphics on input line 354.
Package epstopdf Info: Output file is already uptodate.
<images/one_vs_all_training_confusion_matrix_Identity-eps-converted-to.pdf, id=288, 462.72874pt x 347.2975pt>
File: images/one_vs_all_training_confusion_matrix_Identity-eps-converted-to.pdf Graphic file (type pdf)
<use images/one_vs_all_training_confusion_matrix_Identity-eps-converted-to.pdf>
Package pdftex.def Info: images/one_vs_all_training_confusion_matrix_Identity-eps-converted-to.pdf  used on input line 354.
(pdftex.def)             Requested size: 198.7425pt x 149.16542pt.
Package epstopdf Info: Source file: <images/one_vs_all_test_confusion_matrix_Identity.eps>
(epstopdf)                    date: 2023-11-21 18:05:26
(epstopdf)                    size: 903698 bytes
(epstopdf)             Output file: <images/one_vs_all_test_confusion_matrix_Identity-eps-converted-to.pdf>
(epstopdf)                    date: 2023-11-21 18:05:31
(epstopdf)                    size: 18627 bytes
(epstopdf)             Command: <repstopdf --outfile=images/one_vs_all_test_confusion_matrix_Identity-eps-converted-to.pdf images/one_vs_all_test_confusion_matrix_Identity.eps>
(epstopdf)             \includegraphics on input line 359.
Package epstopdf Info: Output file is already uptodate.
<images/one_vs_all_test_confusion_matrix_Identity-eps-converted-to.pdf, id=289, 462.72874pt x 347.2975pt>
File: images/one_vs_all_test_confusion_matrix_Identity-eps-converted-to.pdf Graphic file (type pdf)
<use images/one_vs_all_test_confusion_matrix_Identity-eps-converted-to.pdf>
Package pdftex.def Info: images/one_vs_all_test_confusion_matrix_Identity-eps-converted-to.pdf  used on input line 359.
(pdftex.def)             Requested size: 198.7425pt x 149.16542pt.


LaTeX Warning: `!h' float specifier changed to `!ht'.

[4]
Package epstopdf Info: Source file: <images/one_vs_all_training_confusion_matrix_Sigmoid.eps>
(epstopdf)                    date: 2023-11-21 18:05:32
(epstopdf)                    size: 905434 bytes
(epstopdf)             Output file: <images/one_vs_all_training_confusion_matrix_Sigmoid-eps-converted-to.pdf>
(epstopdf)                    date: 2023-11-21 18:07:56
(epstopdf)                    size: 18630 bytes
(epstopdf)             Command: <repstopdf --outfile=images/one_vs_all_training_confusion_matrix_Sigmoid-eps-converted-to.pdf images/one_vs_all_training_confusion_matrix_Sigmoid.eps>
(epstopdf)             \includegraphics on input line 372.
Package epstopdf Info: Output file is already uptodate.
<images/one_vs_all_training_confusion_matrix_Sigmoid-eps-converted-to.pdf, id=339, 462.72874pt x 347.2975pt>
File: images/one_vs_all_training_confusion_matrix_Sigmoid-eps-converted-to.pdf Graphic file (type pdf)
<use images/one_vs_all_training_confusion_matrix_Sigmoid-eps-converted-to.pdf>
Package pdftex.def Info: images/one_vs_all_training_confusion_matrix_Sigmoid-eps-converted-to.pdf  used on input line 372.
(pdftex.def)             Requested size: 198.7425pt x 149.16542pt.
Package epstopdf Info: Source file: <images/one_vs_all_test_confusion_matrix_Sigmoid.eps>
(epstopdf)                    date: 2023-11-21 18:05:32
(epstopdf)                    size: 903092 bytes
(epstopdf)             Output file: <images/one_vs_all_test_confusion_matrix_Sigmoid-eps-converted-to.pdf>
(epstopdf)                    date: 2023-11-21 18:07:56
(epstopdf)                    size: 18305 bytes
(epstopdf)             Command: <repstopdf --outfile=images/one_vs_all_test_confusion_matrix_Sigmoid-eps-converted-to.pdf images/one_vs_all_test_confusion_matrix_Sigmoid.eps>
(epstopdf)             \includegraphics on input line 377.
Package epstopdf Info: Output file is already uptodate.
<images/one_vs_all_test_confusion_matrix_Sigmoid-eps-converted-to.pdf, id=340, 462.72874pt x 347.2975pt>
File: images/one_vs_all_test_confusion_matrix_Sigmoid-eps-converted-to.pdf Graphic file (type pdf)
<use images/one_vs_all_test_confusion_matrix_Sigmoid-eps-converted-to.pdf>
Package pdftex.def Info: images/one_vs_all_test_confusion_matrix_Sigmoid-eps-converted-to.pdf  used on input line 377.
(pdftex.def)             Requested size: 198.7425pt x 149.16542pt.
Package epstopdf Info: Source file: <images/one_vs_all_training_confusion_matrix_Sine.eps>
(epstopdf)                    date: 2023-11-21 18:05:38
(epstopdf)                    size: 905582 bytes
(epstopdf)             Output file: <images/one_vs_all_training_confusion_matrix_Sine-eps-converted-to.pdf>
(epstopdf)                    date: 2023-11-21 18:08:34
(epstopdf)                    size: 18596 bytes
(epstopdf)             Command: <repstopdf --outfile=images/one_vs_all_training_confusion_matrix_Sine-eps-converted-to.pdf images/one_vs_all_training_confusion_matrix_Sine.eps>
(epstopdf)             \includegraphics on input line 391.
Package epstopdf Info: Output file is already uptodate.
<images/one_vs_all_training_confusion_matrix_Sine-eps-converted-to.pdf, id=341, 462.72874pt x 347.2975pt>
File: images/one_vs_all_training_confusion_matrix_Sine-eps-converted-to.pdf Graphic file (type pdf)
<use images/one_vs_all_training_confusion_matrix_Sine-eps-converted-to.pdf>
Package pdftex.def Info: images/one_vs_all_training_confusion_matrix_Sine-eps-converted-to.pdf  used on input line 391.
(pdftex.def)             Requested size: 198.7425pt x 149.16542pt.
Package epstopdf Info: Source file: <images/one_vs_all_test_confusion_matrix_Sine.eps>
(epstopdf)                    date: 2023-11-21 18:05:39
(epstopdf)                    size: 903289 bytes
(epstopdf)             Output file: <images/one_vs_all_test_confusion_matrix_Sine-eps-converted-to.pdf>
(epstopdf)                    date: 2023-11-21 18:08:35
(epstopdf)                    size: 18554 bytes
(epstopdf)             Command: <repstopdf --outfile=images/one_vs_all_test_confusion_matrix_Sine-eps-converted-to.pdf images/one_vs_all_test_confusion_matrix_Sine.eps>
(epstopdf)             \includegraphics on input line 396.
Package epstopdf Info: Output file is already uptodate.
<images/one_vs_all_test_confusion_matrix_Sine-eps-converted-to.pdf, id=342, 462.72874pt x 347.2975pt>
File: images/one_vs_all_test_confusion_matrix_Sine-eps-converted-to.pdf Graphic file (type pdf)
<use images/one_vs_all_test_confusion_matrix_Sine-eps-converted-to.pdf>
Package pdftex.def Info: images/one_vs_all_test_confusion_matrix_Sine-eps-converted-to.pdf  used on input line 396.
(pdftex.def)             Requested size: 198.7425pt x 149.16542pt.


LaTeX Warning: `!h' float specifier changed to `!ht'.

[5 </Users/pranavreddy/Desktop/ECE 174/Project1/images/one_vs_all_training_confusion_matrix_Identity-eps-converted-to.pdf> </Users/pranavreddy/Desktop/ECE 174/Project1/images/one_vs_all_test_confusion_matrix_Identity-eps-converted-to.pdf> </Users/pranavreddy/Desktop/ECE 174/Project1/images/one_vs_all_training_confusion_matrix_Sigmoid-eps-converted-to.pdf> </Users/pranavreddy/Desktop/ECE 174/Project1/images/one_vs_all_test_confusion_matrix_Sigmoid-eps-converted-to.pdf>]
Package epstopdf Info: Source file: <images/one_vs_all_training_confusion_matrix_ReLU.eps>
(epstopdf)                    date: 2023-11-21 18:05:45
(epstopdf)                    size: 905183 bytes
(epstopdf)             Output file: <images/one_vs_all_training_confusion_matrix_ReLU-eps-converted-to.pdf>
(epstopdf)                    date: 2023-11-21 18:09:38
(epstopdf)                    size: 18649 bytes
(epstopdf)             Command: <repstopdf --outfile=images/one_vs_all_training_confusion_matrix_ReLU-eps-converted-to.pdf images/one_vs_all_training_confusion_matrix_ReLU.eps>
(epstopdf)             \includegraphics on input line 408.
Package epstopdf Info: Output file is already uptodate.
<images/one_vs_all_training_confusion_matrix_ReLU-eps-converted-to.pdf, id=483, 462.72874pt x 347.2975pt>
File: images/one_vs_all_training_confusion_matrix_ReLU-eps-converted-to.pdf Graphic file (type pdf)
<use images/one_vs_all_training_confusion_matrix_ReLU-eps-converted-to.pdf>
Package pdftex.def Info: images/one_vs_all_training_confusion_matrix_ReLU-eps-converted-to.pdf  used on input line 408.
(pdftex.def)             Requested size: 198.7425pt x 149.16542pt.
Package epstopdf Info: Source file: <images/one_vs_all_test_confusion_matrix_ReLU.eps>
(epstopdf)                    date: 2023-11-21 18:05:46
(epstopdf)                    size: 902752 bytes
(epstopdf)             Output file: <images/one_vs_all_test_confusion_matrix_ReLU-eps-converted-to.pdf>
(epstopdf)                    date: 2023-11-21 18:09:39
(epstopdf)                    size: 18226 bytes
(epstopdf)             Command: <repstopdf --outfile=images/one_vs_all_test_confusion_matrix_ReLU-eps-converted-to.pdf images/one_vs_all_test_confusion_matrix_ReLU.eps>
(epstopdf)             \includegraphics on input line 413.
Package epstopdf Info: Output file is already uptodate.
<images/one_vs_all_test_confusion_matrix_ReLU-eps-converted-to.pdf, id=484, 462.72874pt x 347.2975pt>
File: images/one_vs_all_test_confusion_matrix_ReLU-eps-converted-to.pdf Graphic file (type pdf)
<use images/one_vs_all_test_confusion_matrix_ReLU-eps-converted-to.pdf>
Package pdftex.def Info: images/one_vs_all_test_confusion_matrix_ReLU-eps-converted-to.pdf  used on input line 413.
(pdftex.def)             Requested size: 198.7425pt x 149.16542pt.
Package epstopdf Info: Source file: <images/one_vs_all_training_error_vs_features.eps>
(epstopdf)                    date: 2023-11-21 18:11:12
(epstopdf)                    size: 35783 bytes
(epstopdf)             Output file: <images/one_vs_all_training_error_vs_features-eps-converted-to.pdf>
(epstopdf)                    date: 2023-11-21 18:11:16
(epstopdf)                    size: 20839 bytes
(epstopdf)             Command: <repstopdf --outfile=images/one_vs_all_training_error_vs_features-eps-converted-to.pdf images/one_vs_all_training_error_vs_features.eps>
(epstopdf)             \includegraphics on input line 425.
Package epstopdf Info: Output file is already uptodate.
<images/one_vs_all_training_error_vs_features-eps-converted-to.pdf, id=485, 462.72874pt x 347.2975pt>
File: images/one_vs_all_training_error_vs_features-eps-converted-to.pdf Graphic file (type pdf)
<use images/one_vs_all_training_error_vs_features-eps-converted-to.pdf>
Package pdftex.def Info: images/one_vs_all_training_error_vs_features-eps-converted-to.pdf  used on input line 425.
(pdftex.def)             Requested size: 198.7425pt x 149.16542pt.
Package epstopdf Info: Source file: <images/one_vs_all_test_error_vs_features.eps>
(epstopdf)                    date: 2023-11-21 18:11:13
(epstopdf)                    size: 35669 bytes
(epstopdf)             Output file: <images/one_vs_all_test_error_vs_features-eps-converted-to.pdf>
(epstopdf)                    date: 2023-11-21 18:11:17
(epstopdf)                    size: 20227 bytes
(epstopdf)             Command: <repstopdf --outfile=images/one_vs_all_test_error_vs_features-eps-converted-to.pdf images/one_vs_all_test_error_vs_features.eps>
(epstopdf)             \includegraphics on input line 430.
Package epstopdf Info: Output file is already uptodate.
<images/one_vs_all_test_error_vs_features-eps-converted-to.pdf, id=486, 462.72874pt x 347.2975pt>
File: images/one_vs_all_test_error_vs_features-eps-converted-to.pdf Graphic file (type pdf)
<use images/one_vs_all_test_error_vs_features-eps-converted-to.pdf>
Package pdftex.def Info: images/one_vs_all_test_error_vs_features-eps-converted-to.pdf  used on input line 430.
(pdftex.def)             Requested size: 198.7425pt x 149.16542pt.

Underfull \vbox (badness 1107) has occurred while \output is active []

 [6 </Users/pranavreddy/Desktop/ECE 174/Project1/images/one_vs_all_training_confusion_matrix_Sine-eps-converted-to.pdf> </Users/pranavreddy/Desktop/ECE 174/Project1/images/one_vs_all_test_confusion_matrix_Sine-eps-converted-to.pdf> </Users/pranavreddy/Desktop/ECE 174/Project1/images/one_vs_all_training_confusion_matrix_ReLU-eps-converted-to.pdf> </Users/pranavreddy/Desktop/ECE 174/Project1/images/one_vs_all_test_confusion_matrix_ReLU-eps-converted-to.pdf> </Users/pranavreddy/Desktop/ECE 174/Project1/images/one_vs_all_training_error_vs_features-eps-converted-to.pdf> </Users/pranavreddy/Desktop/ECE 174/Project1/images/one_vs_all_test_error_vs_features-eps-converted-to.pdf>] [7]
Package epstopdf Info: Source file: <images/one_vs_one_training_confusion_matrix_Identity.eps>
(epstopdf)                    date: 2023-11-21 18:14:16
(epstopdf)                    size: 905317 bytes
(epstopdf)             Output file: <images/one_vs_one_training_confusion_matrix_Identity-eps-converted-to.pdf>
(epstopdf)                    date: 2023-11-21 18:27:02
(epstopdf)                    size: 18554 bytes
(epstopdf)             Command: <repstopdf --outfile=images/one_vs_one_training_confusion_matrix_Identity-eps-converted-to.pdf images/one_vs_one_training_confusion_matrix_Identity.eps>
(epstopdf)             \includegraphics on input line 502.
Package epstopdf Info: Output file is already uptodate.
<images/one_vs_one_training_confusion_matrix_Identity-eps-converted-to.pdf, id=765, 462.72874pt x 347.2975pt>
File: images/one_vs_one_training_confusion_matrix_Identity-eps-converted-to.pdf Graphic file (type pdf)
<use images/one_vs_one_training_confusion_matrix_Identity-eps-converted-to.pdf>
Package pdftex.def Info: images/one_vs_one_training_confusion_matrix_Identity-eps-converted-to.pdf  used on input line 502.
(pdftex.def)             Requested size: 198.7425pt x 149.16542pt.
Package epstopdf Info: Source file: <images/one_vs_one_test_confusion_matrix_Identity.eps>
(epstopdf)                    date: 2023-11-21 18:14:17
(epstopdf)                    size: 903105 bytes
(epstopdf)             Output file: <images/one_vs_one_test_confusion_matrix_Identity-eps-converted-to.pdf>
(epstopdf)                    date: 2023-11-21 18:27:03
(epstopdf)                    size: 18356 bytes
(epstopdf)             Command: <repstopdf --outfile=images/one_vs_one_test_confusion_matrix_Identity-eps-converted-to.pdf images/one_vs_one_test_confusion_matrix_Identity.eps>
(epstopdf)             \includegraphics on input line 507.
Package epstopdf Info: Output file is already uptodate.
<images/one_vs_one_test_confusion_matrix_Identity-eps-converted-to.pdf, id=766, 462.72874pt x 347.2975pt>
File: images/one_vs_one_test_confusion_matrix_Identity-eps-converted-to.pdf Graphic file (type pdf)
<use images/one_vs_one_test_confusion_matrix_Identity-eps-converted-to.pdf>
Package pdftex.def Info: images/one_vs_one_test_confusion_matrix_Identity-eps-converted-to.pdf  used on input line 507.
(pdftex.def)             Requested size: 198.7425pt x 149.16542pt.
Package epstopdf Info: Source file: <images/one_vs_one_training_confusion_matrix_Sigmoid.eps>
(epstopdf)                    date: 2023-11-21 18:15:04
(epstopdf)                    size: 904473 bytes
(epstopdf)             Output file: <images/one_vs_one_training_confusion_matrix_Sigmoid-eps-converted-to.pdf>
(epstopdf)                    date: 2023-11-21 18:27:04
(epstopdf)                    size: 18212 bytes
(epstopdf)             Command: <repstopdf --outfile=images/one_vs_one_training_confusion_matrix_Sigmoid-eps-converted-to.pdf images/one_vs_one_training_confusion_matrix_Sigmoid.eps>
(epstopdf)             \includegraphics on input line 520.
Package epstopdf Info: Output file is already uptodate.
<images/one_vs_one_training_confusion_matrix_Sigmoid-eps-converted-to.pdf, id=767, 462.72874pt x 347.2975pt>
File: images/one_vs_one_training_confusion_matrix_Sigmoid-eps-converted-to.pdf Graphic file (type pdf)
<use images/one_vs_one_training_confusion_matrix_Sigmoid-eps-converted-to.pdf>
Package pdftex.def Info: images/one_vs_one_training_confusion_matrix_Sigmoid-eps-converted-to.pdf  used on input line 520.
(pdftex.def)             Requested size: 198.7425pt x 149.16542pt.
Package epstopdf Info: Source file: <images/one_vs_one_test_confusion_matrix_Sigmoid.eps>
(epstopdf)                    date: 2023-11-21 18:15:04
(epstopdf)                    size: 902674 bytes
(epstopdf)             Output file: <images/one_vs_one_test_confusion_matrix_Sigmoid-eps-converted-to.pdf>
(epstopdf)                    date: 2023-11-21 18:27:04
(epstopdf)                    size: 18150 bytes
(epstopdf)             Command: <repstopdf --outfile=images/one_vs_one_test_confusion_matrix_Sigmoid-eps-converted-to.pdf images/one_vs_one_test_confusion_matrix_Sigmoid.eps>
(epstopdf)             \includegraphics on input line 525.
Package epstopdf Info: Output file is already uptodate.
<images/one_vs_one_test_confusion_matrix_Sigmoid-eps-converted-to.pdf, id=768, 462.72874pt x 347.2975pt>
File: images/one_vs_one_test_confusion_matrix_Sigmoid-eps-converted-to.pdf Graphic file (type pdf)
<use images/one_vs_one_test_confusion_matrix_Sigmoid-eps-converted-to.pdf>
Package pdftex.def Info: images/one_vs_one_test_confusion_matrix_Sigmoid-eps-converted-to.pdf  used on input line 525.
(pdftex.def)             Requested size: 198.7425pt x 149.16542pt.
Package epstopdf Info: Source file: <images/one_vs_one_training_confusion_matrix_Sine.eps>
(epstopdf)                    date: 2023-11-21 18:15:51
(epstopdf)                    size: 904555 bytes
(epstopdf)             Output file: <images/one_vs_one_training_confusion_matrix_Sine-eps-converted-to.pdf>
(epstopdf)                    date: 2023-11-21 18:27:05
(epstopdf)                    size: 18043 bytes
(epstopdf)             Command: <repstopdf --outfile=images/one_vs_one_training_confusion_matrix_Sine-eps-converted-to.pdf images/one_vs_one_training_confusion_matrix_Sine.eps>
(epstopdf)             \includegraphics on input line 538.
Package epstopdf Info: Output file is already uptodate.
<images/one_vs_one_training_confusion_matrix_Sine-eps-converted-to.pdf, id=769, 462.72874pt x 347.2975pt>
File: images/one_vs_one_training_confusion_matrix_Sine-eps-converted-to.pdf Graphic file (type pdf)
<use images/one_vs_one_training_confusion_matrix_Sine-eps-converted-to.pdf>
Package pdftex.def Info: images/one_vs_one_training_confusion_matrix_Sine-eps-converted-to.pdf  used on input line 538.
(pdftex.def)             Requested size: 198.7425pt x 149.16542pt.
Package epstopdf Info: Source file: <images/one_vs_one_test_confusion_matrix_Sine.eps>
(epstopdf)                    date: 2023-11-21 18:15:52
(epstopdf)                    size: 902722 bytes
(epstopdf)             Output file: <images/one_vs_one_test_confusion_matrix_Sine-eps-converted-to.pdf>
(epstopdf)                    date: 2023-11-21 18:27:06
(epstopdf)                    size: 18108 bytes
(epstopdf)             Command: <repstopdf --outfile=images/one_vs_one_test_confusion_matrix_Sine-eps-converted-to.pdf images/one_vs_one_test_confusion_matrix_Sine.eps>
(epstopdf)             \includegraphics on input line 543.
Package epstopdf Info: Output file is already uptodate.
<images/one_vs_one_test_confusion_matrix_Sine-eps-converted-to.pdf, id=770, 462.72874pt x 347.2975pt>
File: images/one_vs_one_test_confusion_matrix_Sine-eps-converted-to.pdf Graphic file (type pdf)
<use images/one_vs_one_test_confusion_matrix_Sine-eps-converted-to.pdf>
Package pdftex.def Info: images/one_vs_one_test_confusion_matrix_Sine-eps-converted-to.pdf  used on input line 543.
(pdftex.def)             Requested size: 198.7425pt x 149.16542pt.


LaTeX Warning: `!h' float specifier changed to `!ht'.

[8 </Users/pranavreddy/Desktop/ECE 174/Project1/images/one_vs_one_training_confusion_matrix_Identity-eps-converted-to.pdf> </Users/pranavreddy/Desktop/ECE 174/Project1/images/one_vs_one_test_confusion_matrix_Identity-eps-converted-to.pdf> </Users/pranavreddy/Desktop/ECE 174/Project1/images/one_vs_one_training_confusion_matrix_Sigmoid-eps-converted-to.pdf> </Users/pranavreddy/Desktop/ECE 174/Project1/images/one_vs_one_test_confusion_matrix_Sigmoid-eps-converted-to.pdf>]
Package epstopdf Info: Source file: <images/one_vs_one_training_confusion_matrix_ReLU.eps>
(epstopdf)                    date: 2023-11-21 18:16:40
(epstopdf)                    size: 904306 bytes
(epstopdf)             Output file: <images/one_vs_one_training_confusion_matrix_ReLU-eps-converted-to.pdf>
(epstopdf)                    date: 2023-11-21 18:27:07
(epstopdf)                    size: 18090 bytes
(epstopdf)             Command: <repstopdf --outfile=images/one_vs_one_training_confusion_matrix_ReLU-eps-converted-to.pdf images/one_vs_one_training_confusion_matrix_ReLU.eps>
(epstopdf)             \includegraphics on input line 555.
Package epstopdf Info: Output file is already uptodate.
<images/one_vs_one_training_confusion_matrix_ReLU-eps-converted-to.pdf, id=911, 462.72874pt x 347.2975pt>
File: images/one_vs_one_training_confusion_matrix_ReLU-eps-converted-to.pdf Graphic file (type pdf)
<use images/one_vs_one_training_confusion_matrix_ReLU-eps-converted-to.pdf>
Package pdftex.def Info: images/one_vs_one_training_confusion_matrix_ReLU-eps-converted-to.pdf  used on input line 555.
(pdftex.def)             Requested size: 198.7425pt x 149.16542pt.
Package epstopdf Info: Source file: <images/one_vs_one_test_confusion_matrix_ReLU.eps>
(epstopdf)                    date: 2023-11-21 18:16:41
(epstopdf)                    size: 902640 bytes
(epstopdf)             Output file: <images/one_vs_one_test_confusion_matrix_ReLU-eps-converted-to.pdf>
(epstopdf)                    date: 2023-11-21 18:27:07
(epstopdf)                    size: 18351 bytes
(epstopdf)             Command: <repstopdf --outfile=images/one_vs_one_test_confusion_matrix_ReLU-eps-converted-to.pdf images/one_vs_one_test_confusion_matrix_ReLU.eps>
(epstopdf)             \includegraphics on input line 560.
Package epstopdf Info: Output file is already uptodate.
<images/one_vs_one_test_confusion_matrix_ReLU-eps-converted-to.pdf, id=912, 462.72874pt x 347.2975pt>
File: images/one_vs_one_test_confusion_matrix_ReLU-eps-converted-to.pdf Graphic file (type pdf)
<use images/one_vs_one_test_confusion_matrix_ReLU-eps-converted-to.pdf>
Package pdftex.def Info: images/one_vs_one_test_confusion_matrix_ReLU-eps-converted-to.pdf  used on input line 560.
(pdftex.def)             Requested size: 198.7425pt x 149.16542pt.
Package epstopdf Info: Source file: <images/one_vs_one_training_error_vs_features.eps>
(epstopdf)                    date: 2023-11-21 18:12:29
(epstopdf)                    size: 21389 bytes
(epstopdf)             Output file: <images/one_vs_one_training_error_vs_features-eps-converted-to.pdf>
(epstopdf)                    date: 2023-11-21 18:27:08
(epstopdf)                    size: 13836 bytes
(epstopdf)             Command: <repstopdf --outfile=images/one_vs_one_training_error_vs_features-eps-converted-to.pdf images/one_vs_one_training_error_vs_features.eps>
(epstopdf)             \includegraphics on input line 572.
Package epstopdf Info: Output file is already uptodate.
<images/one_vs_one_training_error_vs_features-eps-converted-to.pdf, id=913, 462.72874pt x 347.2975pt>
File: images/one_vs_one_training_error_vs_features-eps-converted-to.pdf Graphic file (type pdf)
<use images/one_vs_one_training_error_vs_features-eps-converted-to.pdf>
Package pdftex.def Info: images/one_vs_one_training_error_vs_features-eps-converted-to.pdf  used on input line 572.
(pdftex.def)             Requested size: 198.7425pt x 149.16542pt.
Package epstopdf Info: Source file: <images/one_vs_one_test_error_vs_features.eps>
(epstopdf)                    date: 2023-11-21 18:12:30
(epstopdf)                    size: 23958 bytes
(epstopdf)             Output file: <images/one_vs_one_test_error_vs_features-eps-converted-to.pdf>
(epstopdf)                    date: 2023-11-21 18:27:09
(epstopdf)                    size: 15058 bytes
(epstopdf)             Command: <repstopdf --outfile=images/one_vs_one_test_error_vs_features-eps-converted-to.pdf images/one_vs_one_test_error_vs_features.eps>
(epstopdf)             \includegraphics on input line 577.
Package epstopdf Info: Output file is already uptodate.
<images/one_vs_one_test_error_vs_features-eps-converted-to.pdf, id=914, 462.72874pt x 347.2975pt>
File: images/one_vs_one_test_error_vs_features-eps-converted-to.pdf Graphic file (type pdf)
<use images/one_vs_one_test_error_vs_features-eps-converted-to.pdf>
Package pdftex.def Info: images/one_vs_one_test_error_vs_features-eps-converted-to.pdf  used on input line 577.
(pdftex.def)             Requested size: 198.7425pt x 149.16542pt.

Underfull \vbox (badness 1107) has occurred while \output is active []

 [9 </Users/pranavreddy/Desktop/ECE 174/Project1/images/one_vs_one_training_confusion_matrix_Sine-eps-converted-to.pdf> </Users/pranavreddy/Desktop/ECE 174/Project1/images/one_vs_one_test_confusion_matrix_Sine-eps-converted-to.pdf> </Users/pranavreddy/Desktop/ECE 174/Project1/images/one_vs_one_training_confusion_matrix_ReLU-eps-converted-to.pdf> </Users/pranavreddy/Desktop/ECE 174/Project1/images/one_vs_one_test_confusion_matrix_ReLU-eps-converted-to.pdf> </Users/pranavreddy/Desktop/ECE 174/Project1/images/one_vs_one_training_error_vs_features-eps-converted-to.pdf> </Users/pranavreddy/Desktop/ECE 174/Project1/images/one_vs_one_test_error_vs_features-eps-converted-to.pdf>] (/Users/pranavreddy/Desktop/ECE 174/Project1/Report.bbl
Underfull \hbox (badness 5077) in paragraph at lines 13--15
[]\T1/ptm/m/n/10 (+20) Numpy ref-er-ence.  URL []$\T1/cmtt/m/n/10 https : / / numpy . org / doc / 1 . 26 / reference / index . html #
 []

) [10] (/Users/pranavreddy/Desktop/ECE 174/Project1/Report.aux)
Package rerunfilecheck Info: File `Report.out' has not changed.
(rerunfilecheck)             Checksum: 9B3B6C73001F58E65A1ADA233BC5E269;4519.
 ) 
Here is how much of TeX's memory you used:
 14133 strings out of 478994
 215186 string characters out of 5858184
 1303988 words of memory out of 5000000
 31074 multiletter control sequences out of 15000+600000
 434265 words of font info for 128 fonts, out of 8000000 for 9000
 1141 hyphenation exceptions out of 8191
 83i,16n,88p,496b,1915s stack positions out of 5000i,500n,10000p,200000b,80000s
{/usr/local/texlive/2021/texmf-dist/fonts/enc/dvips/base/8r.enc}{/usr/local/texlive/2021/texmf-dist/fonts/enc/dvips/cm-super/cm-super-t1.enc}</usr/local/texlive/2021/texmf-dist/fonts/type1/public/amsfonts/cm/cmbx10.pfb></usr/local/texlive/2021/texmf-dist/fonts/type1/public/amsfonts/cm/cmex10.pfb></usr/local/texlive/2021/texmf-dist/fonts/type1/public/amsfonts/cm/cmmi10.pfb></usr/local/texlive/2021/texmf-dist/fonts/type1/public/amsfonts/cm/cmmi7.pfb></usr/local/texlive/2021/texmf-dist/fonts/type1/public/amsfonts/cm/cmr10.pfb></usr/local/texlive/2021/texmf-dist/fonts/type1/public/amsfonts/cm/cmr7.pfb></usr/local/texlive/2021/texmf-dist/fonts/type1/public/amsfonts/cm/cmsy10.pfb></usr/local/texlive/2021/texmf-dist/fonts/type1/public/amsfonts/cm/cmsy7.pfb></usr/local/texlive/2021/texmf-dist/fonts/type1/public/cm-super/sftt1000.pfb></usr/local/texlive/2021/texmf-dist/fonts/type1/urw/times/utmb8a.pfb></usr/local/texlive/2021/texmf-dist/fonts/type1/urw/times/utmr8a.pfb></usr/local/texlive/2021/texmf-dist/fonts/type1/urw/times/utmri8a.pfb>
Output written on "/Users/pranavreddy/Desktop/ECE 174/Project1/Report.pdf" (10 pages, 536699 bytes).
PDF statistics:
 1226 PDF objects out of 1440 (max. 8388607)
 430 compressed objects within 5 object streams
 181 named destinations out of 1000 (max. 500000)
 38681 words of extra memory for PDF output out of 42996 (max. 10000000)

