\BOOKMARK [1][-]{section.1}{\376\377\000L\000e\000a\000s\000t\000\040\000S\000q\000u\000a\000r\000e\000s\000\040\000C\000l\000a\000s\000s\000i\000f\000i\000e\000r}{}% 1
\BOOKMARK [2][-]{subsection.1.1}{\376\377\000B\000u\000i\000l\000d\000i\000n\000g\000\040\000t\000h\000e\000\040\000B\000i\000n\000a\000r\000y\000\040\000C\000l\000a\000s\000s\000i\000f\000i\000e\000r}{section.1}% 2
\BOOKMARK [2][-]{subsection.1.2}{\376\377\000O\000n\000e\000-\000V\000e\000r\000s\000u\000s\000-\000A\000l\000l\000\040\000C\000l\000a\000s\000s\000i\000f\000i\000e\000r}{section.1}% 3
\BOOKMARK [3][-]{subsubsection.1.2.1}{\376\377\000E\000r\000r\000o\000r\000\040\000A\000n\000a\000l\000y\000s\000i\000s}{subsection.1.2}% 4
\BOOKMARK [2][-]{subsection.1.3}{\376\377\000O\000n\000e\000-\000V\000e\000r\000s\000u\000s\000-\000O\000n\000e\000\040\000C\000l\000a\000s\000s\000i\000f\000i\000e\000r}{section.1}% 5
\BOOKMARK [3][-]{subsubsection.1.3.1}{\376\377\000E\000r\000r\000o\000r\000\040\000A\000n\000a\000l\000y\000s\000i\000s}{subsection.1.3}% 6
\BOOKMARK [1][-]{section.2}{\376\377\000R\000a\000n\000d\000o\000m\000i\000z\000e\000d\000\040\000F\000e\000a\000t\000u\000r\000e\000\040\000L\000e\000a\000s\000t\000\040\000S\000q\000u\000a\000r\000e\000s\000\040\000C\000l\000a\000s\000s\000i\000f\000i\000e\000r}{}% 7
\BOOKMARK [2][-]{subsection.2.1}{\376\377\000O\000n\000e\000-\000V\000e\000r\000s\000u\000s\000-\000A\000l\000l\000\040\000C\000l\000a\000s\000s\000i\000f\000i\000e\000r}{section.2}% 8
\BOOKMARK [3][-]{subsubsection.2.1.1}{\376\377\000O\000n\000e\000-\000V\000e\000r\000s\000u\000s\000-\000A\000l\000l\000\040\000C\000l\000a\000s\000s\000i\000f\000i\000e\000r\000\040\000I\000m\000p\000l\000e\000m\000e\000n\000t\000a\000t\000i\000o\000n}{subsection.2.1}% 9
\BOOKMARK [3][-]{subsubsection.2.1.2}{\376\377\000I\000d\000e\000n\000t\000i\000t\000y\000\040\000F\000e\000a\000t\000u\000r\000e\000\040\000M\000a\000p\000p\000i\000n\000g}{subsection.2.1}% 10
\BOOKMARK [3][-]{subsubsection.2.1.3}{\376\377\000S\000i\000g\000m\000o\000i\000d\000\040\000F\000e\000a\000t\000u\000r\000e\000\040\000M\000a\000p\000p\000i\000n\000g}{subsection.2.1}% 11
\BOOKMARK [3][-]{subsubsection.2.1.4}{\376\377\000S\000i\000n\000u\000s\000o\000i\000d\000\040\000F\000e\000a\000t\000u\000r\000e\000\040\000M\000a\000p\000p\000i\000n\000g}{subsection.2.1}% 12
\BOOKMARK [3][-]{subsubsection.2.1.5}{\376\377\000R\000e\000c\000i\000t\000f\000i\000e\000d\000\040\000L\000i\000n\000e\000a\000r\000\040\000U\000n\000i\000t\000\040\000\050\000R\000e\000L\000U\000\051\000\040\000F\000e\000a\000t\000u\000r\000e\000\040\000M\000a\000p\000p\000i\000n\000g}{subsection.2.1}% 13
\BOOKMARK [3][-]{subsubsection.2.1.6}{\376\377\000E\000f\000f\000e\000c\000t\000\040\000o\000f\000\040\000F\000e\000a\000t\000u\000r\000e\000s\000\040\000o\000n\000\040\000P\000e\000r\000f\000o\000r\000m\000a\000n\000c\000e\000\040\000o\000f\000\040\000O\000n\000e\000-\000V\000e\000r\000s\000u\000s\000-\000A\000l\000l\000\040\000C\000l\000a\000s\000s\000i\000f\000i\000e\000r}{subsection.2.1}% 14
\BOOKMARK [2][-]{subsection.2.2}{\376\377\000O\000n\000e\000-\000V\000e\000r\000s\000u\000s\000-\000O\000n\000e\000\040\000C\000l\000a\000s\000s\000i\000f\000i\000e\000r}{section.2}% 15
\BOOKMARK [3][-]{subsubsection.2.2.1}{\376\377\000I\000d\000e\000n\000t\000i\000t\000y\000\040\000F\000e\000a\000t\000u\000r\000e\000\040\000M\000a\000p\000p\000i\000n\000g}{subsection.2.2}% 16
\BOOKMARK [3][-]{subsubsection.2.2.2}{\376\377\000S\000i\000g\000m\000o\000i\000d\000\040\000F\000e\000a\000t\000u\000r\000e\000\040\000M\000a\000p\000p\000i\000n\000g}{subsection.2.2}% 17
\BOOKMARK [3][-]{subsubsection.2.2.3}{\376\377\000S\000i\000n\000u\000s\000o\000i\000d\000\040\000F\000e\000a\000t\000u\000r\000e\000\040\000M\000a\000p\000p\000i\000n\000g}{subsection.2.2}% 18
\BOOKMARK [3][-]{subsubsection.2.2.4}{\376\377\000R\000e\000c\000i\000t\000f\000i\000e\000d\000\040\000L\000i\000n\000e\000a\000r\000\040\000U\000n\000i\000t\000\040\000\050\000R\000e\000L\000U\000\051\000\040\000F\000e\000a\000t\000u\000r\000e\000\040\000M\000a\000p\000p\000i\000n\000g}{subsection.2.2}% 19
\BOOKMARK [3][-]{subsubsection.2.2.5}{\376\377\000E\000f\000f\000e\000c\000t\000\040\000o\000f\000\040\000F\000e\000a\000t\000u\000r\000e\000s\000\040\000o\000n\000\040\000P\000e\000r\000f\000o\000r\000m\000a\000n\000c\000e\000\040\000o\000f\000\040\000O\000n\000e\000-\000V\000e\000r\000s\000u\000s\000-\000O\000n\000e\000\040\000C\000l\000a\000s\000s\000i\000f\000i\000e\000r}{subsection.2.2}% 20
